<?xml version="1.0" encoding="UTF-8"?>
<testsuite name="FireMonsterTest" tests="35" skipped="0" failures="0" errors="0" timestamp="2017-04-03T23:34:15" hostname="Epicodus-6F.local" time="12.528">
  <properties/>
  <testcase name="feed_increasesFireMonsterFoodLevel" classname="FireMonsterTest" time="0.074"/>
  <testcase name="timer_executesDepleteLevelsMethod" classname="FireMonsterTest" time="6.01"/>
  <testcase name="feed_throwsExceptionIfFoodLevelIsAtMaxValue" classname="FireMonsterTest" time="0.014"/>
  <testcase name="save_savesPersonIdIntoDB_true" classname="FireMonsterTest" time="0.045"/>
  <testcase name="sleep_increasesFireMonsterSleepLevel" classname="FireMonsterTest" time="0.009"/>
  <testcase name="save_recordsTimeOfCreationInDatabase" classname="FireMonsterTest" time="0.015"/>
  <testcase name="play_recordsTimeLastPlayedInDatabase" classname="FireMonsterTest" time="0.02"/>
  <testcase name="fireMonster_sleepLevelCannotGoBeyondMaxValue" classname="FireMonsterTest" time="0.022"/>
  <testcase name="fireMonster_instantiatesWithHalfFullPlayLevel" classname="FireMonsterTest" time="0.005"/>
  <testcase name="fireMonster_foodLevelCannotGoBeyondMaxValue" classname="FireMonsterTest" time="0.013"/>
  <testcase name="all_returnsAllInstancesOfFireMonster_true" classname="FireMonsterTest" time="0.025"/>
  <testcase name="sleep_throwsExceptionIfSleepLevelIsAtMaxValue" classname="FireMonsterTest" time="0.02"/>
  <testcase name="play_increasesFireMonsterPlayLevel" classname="FireMonsterTest" time="0.009"/>
  <testcase name="fireMonster_instantiatesCorrectly_true" classname="FireMonsterTest" time="0.004"/>
  <testcase name="fireMonster_instantiatesWithHalfFullFoodLevel" classname="FireMonsterTest" time="0.004"/>
  <testcase name="isAlive_recognizesFireMonsterIsDeadWhenLevelsReachMinimum_false" classname="FireMonsterTest" time="0.005"/>
  <testcase name="save_successfullyAddsFireMonsterToDatabase_List" classname="FireMonsterTest" time="0.015"/>
  <testcase name="timer_haltsAfterFireMonsterDies" classname="FireMonsterTest" time="6.005"/>
  <testcase name="FireMonster_instantiatesWithName_String" classname="FireMonsterTest" time="0.003"/>
  <testcase name="fireMonster_playLevelCannotGoBeyondMaxValue" classname="FireMonsterTest" time="0.027"/>
  <testcase name="kindling_increasesFireMonsterFireLevel" classname="FireMonsterTest" time="0.009"/>
  <testcase name="fireMonster_instantiatesWithHalfFullFireLevel" classname="FireMonsterTest" time="0.004"/>
  <testcase name="equals_returnsTrueIfNameAndPersonIdAreSame_true" classname="FireMonsterTest" time="0.004"/>
  <testcase name="play_increasesPlayLevelValue_" classname="FireMonsterTest" time="0.005"/>
  <testcase name="find_returnsFireMonsterWithSameId_secondFireMonster" classname="FireMonsterTest" time="0.018"/>
  <testcase name="feed_recordsTimeLastAteInDatabase" classname="FireMonsterTest" time="0.017"/>
  <testcase name="FireMonster_instantiatesWithPersonId_int" classname="FireMonsterTest" time="0.004"/>
  <testcase name="save_assignsIdToObject" classname="FireMonsterTest" time="0.014"/>
  <testcase name="play_throwsExceptionIfPlayLevelIsAtMaxValue" classname="FireMonsterTest" time="0.026"/>
  <testcase name="depleteLevels_reducesAllLevels" classname="FireMonsterTest" time="0.004"/>
  <testcase name="isAlive_confirmsFireMonsterIsAliveIfAllLevelsAboveMinimum_true" classname="FireMonsterTest" time="0.005"/>
  <testcase name="sleep_recordsTimeLastSleptInDatabase" classname="FireMonsterTest" time="0.031"/>
  <testcase name="kindling_recordsTimeLastKindlingInDatabase" classname="FireMonsterTest" time="0.018"/>
  <testcase name="fireMonster_instantiatesWithHalfFullSleepLevel" classname="FireMonsterTest" time="0.004"/>
  <testcase name="save_assignsIdToFireMonster" classname="FireMonsterTest" time="0.013"/>
  <system-out><![CDATA[]]></system-out>
  <system-err><![CDATA[]]></system-err>
</testsuite>
